1662422498.010254 client started (9624): version 3.0a, socket /tmp/tmux-1000/default, protocol 8
1662422498.010289 on Linux 5.15.0-46-generic #49~20.04.1-Ubuntu SMP Thu Aug 4 19:15:44 UTC 2022; libevent 2.1.11-stable (poll)
1662422498.010309 socket is /tmp/tmux-1000/default
1662422498.010324 trying connect
1662422498.010395 add peer 0x55ea55d479e0: 6 ((nil))
1662422498.010492 sending message 100 to peer 0x55ea55d479e0 (4 bytes)
1662422498.010500 sending message 101 to peer 0x55ea55d479e0 (20 bytes)
1662422498.010506 sending message 102 to peer 0x55ea55d479e0 (11 bytes)
1662422498.010512 sending message 108 to peer 0x55ea55d479e0 (41 bytes)
1662422498.010519 sending message 104 to peer 0x55ea55d479e0 (0 bytes)
1662422498.010526 sending message 107 to peer 0x55ea55d479e0 (4 bytes)
1662422498.010532 sending message 105 to peer 0x55ea55d479e0 (25 bytes)
1662422498.010538 sending message 105 to peer 0x55ea55d479e0 (16 bytes)
1662422498.010546 sending message 105 to peer 0x55ea55d479e0 (110 bytes)
1662422498.010552 sending message 105 to peer 0x55ea55d479e0 (19 bytes)
1662422498.010558 sending message 105 to peer 0x55ea55d479e0 (20 bytes)
1662422498.010564 sending message 105 to peer 0x55ea55d479e0 (45 bytes)
1662422498.010569 sending message 105 to peer 0x55ea55d479e0 (23 bytes)
1662422498.010575 sending message 105 to peer 0x55ea55d479e0 (44 bytes)
1662422498.010580 sending message 105 to peer 0x55ea55d479e0 (23 bytes)
1662422498.010586 sending message 105 to peer 0x55ea55d479e0 (32 bytes)
1662422498.010591 sending message 105 to peer 0x55ea55d479e0 (20 bytes)
1662422498.010597 sending message 105 to peer 0x55ea55d479e0 (41 bytes)
1662422498.010602 sending message 105 to peer 0x55ea55d479e0 (20 bytes)
1662422498.010608 sending message 105 to peer 0x55ea55d479e0 (23 bytes)
1662422498.010614 sending message 105 to peer 0x55ea55d479e0 (24 bytes)
1662422498.010619 sending message 105 to peer 0x55ea55d479e0 (19 bytes)
1662422498.010624 sending message 105 to peer 0x55ea55d479e0 (28 bytes)
1662422498.010630 sending message 105 to peer 0x55ea55d479e0 (45 bytes)
1662422498.010636 sending message 105 to peer 0x55ea55d479e0 (14 bytes)
1662422498.010641 sending message 105 to peer 0x55ea55d479e0 (27 bytes)
1662422498.010647 sending message 105 to peer 0x55ea55d479e0 (21 bytes)
1662422498.010652 sending message 105 to peer 0x55ea55d479e0 (52 bytes)
1662422498.010658 sending message 105 to peer 0x55ea55d479e0 (41 bytes)
1662422498.010674 sending message 105 to peer 0x55ea55d479e0 (13 bytes)
1662422498.010680 sending message 105 to peer 0x55ea55d479e0 (17 bytes)
1662422498.010686 sending message 105 to peer 0x55ea55d479e0 (15 bytes)
1662422498.010692 sending message 105 to peer 0x55ea55d479e0 (18 bytes)
1662422498.010698 sending message 105 to peer 0x55ea55d479e0 (21 bytes)
1662422498.010704 sending message 105 to peer 0x55ea55d479e0 (17 bytes)
1662422498.010709 sending message 105 to peer 0x55ea55d479e0 (33 bytes)
1662422498.010715 sending message 105 to peer 0x55ea55d479e0 (17 bytes)
1662422498.010721 sending message 105 to peer 0x55ea55d479e0 (86 bytes)
1662422498.010727 sending message 105 to peer 0x55ea55d479e0 (47 bytes)
1662422498.010733 sending message 105 to peer 0x55ea55d479e0 (16 bytes)
1662422498.010739 sending message 105 to peer 0x55ea55d479e0 (23 bytes)
1662422498.010745 sending message 105 to peer 0x55ea55d479e0 (30 bytes)
1662422498.010750 sending message 105 to peer 0x55ea55d479e0 (11 bytes)
1662422498.010756 sending message 105 to peer 0x55ea55d479e0 (30 bytes)
1662422498.010762 sending message 105 to peer 0x55ea55d479e0 (11 bytes)
1662422498.010767 sending message 105 to peer 0x55ea55d479e0 (8 bytes)
1662422498.010773 sending message 105 to peer 0x55ea55d479e0 (25 bytes)
1662422498.010779 sending message 105 to peer 0x55ea55d479e0 (18 bytes)
1662422498.010784 sending message 105 to peer 0x55ea55d479e0 (27 bytes)
1662422498.010790 sending message 105 to peer 0x55ea55d479e0 (31 bytes)
1662422498.010796 sending message 105 to peer 0x55ea55d479e0 (20 bytes)
1662422498.010801 sending message 105 to peer 0x55ea55d479e0 (23 bytes)
1662422498.010816 sending message 105 to peer 0x55ea55d479e0 (85 bytes)
1662422498.010823 sending message 105 to peer 0x55ea55d479e0 (181 bytes)
1662422498.010829 sending message 105 to peer 0x55ea55d479e0 (18 bytes)
1662422498.010835 sending message 105 to peer 0x55ea55d479e0 (54 bytes)
1662422498.010841 sending message 105 to peer 0x55ea55d479e0 (23 bytes)
1662422498.010846 sending message 105 to peer 0x55ea55d479e0 (19 bytes)
1662422498.010852 sending message 105 to peer 0x55ea55d479e0 (16 bytes)
1662422498.010858 sending message 106 to peer 0x55ea55d479e0 (0 bytes)
1662422498.010864 sending message 200 to peer 0x55ea55d479e0 (4 bytes)
1662422498.010869 client loop enter
1662422498.013960 peer 0x55ea55d479e0 message 207
1662422498.013979 sending message 208 to peer 0x55ea55d479e0 (0 bytes)
1662422503.969594 peer 0x55ea55d479e0 message 203
1662422503.969638 sending message 205 to peer 0x55ea55d479e0 (0 bytes)
1662422503.970078 peer 0x55ea55d479e0 message 204
1662422503.970099 client loop exit
